2026-04-02T11:22:02.540-03:00  INFO 48856 --- [AppExample] [restartedMain] b.c.s.t.t.TaskManagerApplication         : Starting TaskManagerApplication using Java 17.0.8 with PID 48856 (C:\Users\eduardo.abdomingues\Downloads\taskManager\taskManager\target\classes started by eduardo.abdomingues in C:\Users\eduardo.abdomingues\Downloads\taskManager)
2026-04-02T11:22:02.543-03:00  INFO 48856 --- [AppExample] [restartedMain] b.c.s.t.t.TaskManagerApplication         : No active profile set, falling back to 1 default profile: "default"
2026-04-02T11:22:02.581-03:00  INFO 48856 --- [AppExample] [restartedMain] .e.DevToolsPropertyDefaultsPostProcessor : Devtools property defaults active! Set 'spring.devtools.add-properties' to 'false' to disable
2026-04-02T11:22:02.582-03:00  INFO 48856 --- [AppExample] [restartedMain] .e.DevToolsPropertyDefaultsPostProcessor : For additional web related logging consider setting the 'logging.level.web' property to 'DEBUG'
2026-04-02T11:22:03.011-03:00  INFO 48856 --- [AppExample] [restartedMain] .s.d.r.c.RepositoryConfigurationDelegate : Bootstrapping Spring Data JPA repositories in DEFAULT mode.
2026-04-02T11:22:03.056-03:00  INFO 48856 --- [AppExample] [restartedMain] .s.d.r.c.RepositoryConfigurationDelegate : Finished Spring Data repository scanning in 36 ms. Found 1 JPA repository interface.
2026-04-02T11:22:03.538-03:00  INFO 48856 --- [AppExample] [restartedMain] o.s.boot.tomcat.TomcatWebServer          : Tomcat initialized with port 8080 (http)
2026-04-02T11:22:03.552-03:00  INFO 48856 --- [AppExample] [restartedMain] o.apache.catalina.core.StandardService   : Starting service [Tomcat]
2026-04-02T11:22:03.552-03:00  INFO 48856 --- [AppExample] [restartedMain] o.apache.catalina.core.StandardEngine    : Starting Servlet engine: [Apache Tomcat/11.0.20]
2026-04-02T11:22:03.590-03:00  INFO 48856 --- [AppExample] [restartedMain] b.w.c.s.WebApplicationContextInitializer : Root WebApplicationContext: initialization completed in 1008 ms
2026-04-02T11:22:03.758-03:00  INFO 48856 --- [AppExample] [restartedMain] org.hibernate.orm.jpa                    : HHH008540: Processing PersistenceUnitInfo [name: default]
2026-04-02T11:22:03.799-03:00  INFO 48856 --- [AppExample] [restartedMain] org.hibernate.orm.core                   : HHH000001: Hibernate ORM core version 7.2.7.Final
2026-04-02T11:22:04.126-03:00  INFO 48856 --- [AppExample] [restartedMain] o.s.o.j.p.SpringPersistenceUnitInfo      : No LoadTimeWeaver setup: ignoring JPA class transformer
2026-04-02T11:22:04.148-03:00  INFO 48856 --- [AppExample] [restartedMain] com.zaxxer.hikari.HikariDataSource       : taskManagerHikariCP - Starting...
2026-04-02T11:22:04.234-03:00  INFO 48856 --- [AppExample] [restartedMain] com.zaxxer.hikari.pool.HikariPool        : taskManagerHikariCP - Added connection conn0: url=jdbc:h2:mem:taskManagerDatabase user=SA
2026-04-02T11:22:04.235-03:00  INFO 48856 --- [AppExample] [restartedMain] com.zaxxer.hikari.HikariDataSource       : taskManagerHikariCP - Start completed.
2026-04-02T11:22:04.269-03:00  INFO 48856 --- [AppExample] [restartedMain] org.hibernate.orm.connections.pooling    : HHH10001005: Database info:
	Database JDBC URL [jdbc:h2:mem:taskManagerDatabase]
	Database driver: H2 JDBC Driver
	Database dialect: H2Dialect
	Database version: 2.4.240
	Default catalog/schema: TASKMANAGERDATABASE/PUBLIC
	Autocommit mode: undefined/unknown
	Isolation level: READ_COMMITTED [default READ_COMMITTED]
	JDBC fetch size: 100
	Pool: DataSourceConnectionProvider
	Minimum pool size: undefined/unknown
	Maximum pool size: undefined/unknown
2026-04-02T11:22:04.716-03:00  INFO 48856 --- [AppExample] [restartedMain] org.hibernate.orm.core                   : HHH000489: No JTA platform available (set 'hibernate.transaction.jta.platform' to enable JTA platform integration)
2026-04-02T11:22:04.718-03:00  INFO 48856 --- [AppExample] [restartedMain] org.hibernate.orm.jdbc.batch             : HHH100501: Automatic JDBC statement batching enabled (maximum batch size 20)
2026-04-02T11:22:04.726-03:00 DEBUG 48856 --- [AppExample] [restartedMain] org.hibernate.SQL                        : 
    drop table if exists tasks cascade 
2026-04-02T11:22:04.730-03:00 DEBUG 48856 --- [AppExample] [restartedMain] org.hibernate.SQL                        : 
    create table tasks (
        priority tinyint not null check ((priority between 0 and 2)),
        completion_date timestamp(6) not null,
        creation_date timestamp(6) not null,
        due_date timestamp(6) not null,
        id bigint generated by default as identity,
        title varchar(30) not null,
        description varchar(155) not null,
        status enum ('COMPLETED','IN_PROGRESS','PENDING') not null,
        primary key (id)
    )
2026-04-02T11:22:04.740-03:00  INFO 48856 --- [AppExample] [restartedMain] j.LocalContainerEntityManagerFactoryBean : Initialized JPA EntityManagerFactory for persistence unit 'default'
2026-04-02T11:22:04.813-03:00  WARN 48856 --- [AppExample] [restartedMain] JpaBaseConfiguration$JpaWebConfiguration : spring.jpa.open-in-view is enabled by default. Therefore, database queries may be performed during view rendering. Explicitly configure spring.jpa.open-in-view to disable this warning
2026-04-02T11:22:05.428-03:00  INFO 48856 --- [AppExample] [restartedMain] o.s.d.j.r.query.QueryEnhancerFactories   : Hibernate is in classpath; If applicable, HQL parser will be used.
2026-04-02T11:22:05.634-03:00  INFO 48856 --- [AppExample] [restartedMain] o.s.b.h.a.H2ConsoleAutoConfiguration     : H2 console available at '/console'. Database available at 'jdbc:h2:mem:taskManagerDatabase'
2026-04-02T11:22:05.753-03:00  INFO 48856 --- [AppExample] [restartedMain] o.a.c.c.C.[Tomcat].[localhost].[/]       : Initializing Spring DispatcherServlet 'dispatcherServlet'
2026-04-02T11:22:05.753-03:00  INFO 48856 --- [AppExample] [restartedMain] o.s.web.servlet.DispatcherServlet        : Initializing Servlet 'dispatcherServlet'
2026-04-02T11:22:05.756-03:00  INFO 48856 --- [AppExample] [restartedMain] o.s.web.servlet.DispatcherServlet        : Completed initialization in 2 ms
2026-04-02T11:22:05.758-03:00  INFO 48856 --- [AppExample] [restartedMain] o.s.boot.tomcat.TomcatWebServer          : Tomcat started on port 8080 (http) with context path '/'
2026-04-02T11:22:05.764-03:00  INFO 48856 --- [AppExample] [restartedMain] b.c.s.t.t.TaskManagerApplication         : Started TaskManagerApplication in 3.545 seconds (process running for 4.753)
2026-04-02T11:28:34.739-03:00  INFO 48856 --- [AppExample] [SpringApplicationShutdownHook] o.s.boot.tomcat.GracefulShutdown         : Commencing graceful shutdown. Waiting for active requests to complete
2026-04-02T11:28:34.845-03:00  INFO 48856 --- [AppExample] [tomcat-shutdown] o.s.boot.tomcat.GracefulShutdown         : Graceful shutdown complete
2026-04-02T11:28:34.847-03:00  INFO 48856 --- [AppExample] [SpringApplicationShutdownHook] j.LocalContainerEntityManagerFactoryBean : Closing JPA EntityManagerFactory for persistence unit 'default'
2026-04-02T11:28:34.847-03:00 DEBUG 48856 --- [AppExample] [SpringApplicationShutdownHook] org.hibernate.SQL                        : 
    drop table if exists tasks cascade 
2026-04-02T11:28:34.852-03:00  WARN 48856 --- [AppExample] [SpringApplicationShutdownHook] o.s.b.f.support.DisposableBeanAdapter    : Invocation of destroy method failed on bean with name 'inMemoryDatabaseShutdownExecutor': org.h2.jdbc.JdbcSQLNonTransientConnectionException: Database is already closed (to disable automatic closing at VM shutdown, add ";DB_CLOSE_ON_EXIT=FALSE" to the db URL) [90121-240]
2026-04-02T11:28:34.852-03:00  INFO 48856 --- [AppExample] [SpringApplicationShutdownHook] com.zaxxer.hikari.HikariDataSource       : taskManagerHikariCP - Shutdown initiated...
2026-04-02T11:28:34.853-03:00  INFO 48856 --- [AppExample] [SpringApplicationShutdownHook] com.zaxxer.hikari.HikariDataSource       : taskManagerHikariCP - Shutdown completed.
